<html>
<head>
<title>TestNG:  LoginPage Testing</title>
<link href="../testng.css" rel="stylesheet" type="text/css" />
<link href="../my-testng.css" rel="stylesheet" type="text/css" />

<style type="text/css">
.log { display: none;} 
.stack-trace { display: none;} 
</style>
<script type="text/javascript">
<!--
function flip(e) {
  current = e.style.display;
  if (current == 'block') {
    e.style.display = 'none';
    return 0;
  }
  else {
    e.style.display = 'block';
    return 1;
  }
}

function toggleBox(szDivId, elem, msg1, msg2)
{
  var res = -1;  if (document.getElementById) {
    res = flip(document.getElementById(szDivId));
  }
  else if (document.all) {
    // this is the way old msie versions work
    res = flip(document.all[szDivId]);
  }
  if(elem) {
    if(res == 0) elem.innerHTML = msg1; else elem.innerHTML = msg2;
  }

}

function toggleAllBoxes() {
  if (document.getElementsByTagName) {
    d = document.getElementsByTagName('div');
    for (i = 0; i < d.length; i++) {
      if (d[i].className == 'log') {
        flip(d[i]);
      }
    }
  }
}

// -->
</script>

</head>
<body>
<h2 align='center'>LoginPage Testing</h2><table border='1' align="center">
<tr>
<td>Tests passed/Failed/Skipped:</td><td>0/0/2</td>
</tr><tr>
<td>Started on:</td><td>Fri Jan 20 19:59:17 CST 2023</td>
</tr>
<tr><td>Total time:</td><td>20 seconds (20088 ms)</td>
</tr><tr>
<td>Included groups:</td><td></td>
</tr><tr>
<td>Excluded groups:</td><td></td>
</tr>
</table><p/>
<small><i>(Hover the method name to see the test class name)</i></small><p/>
<table width='100%' border='1' class='invocation-failed'>
<tr><td colspan='4' align='center'><b>FAILED CONFIGURATIONS</b></td></tr>
<tr><td><b>Test method</b></td>
<td width="30%"><b>Exception</b></td>
<td width="10%"><b>Time (seconds)</b></td>
<td><b>Instance</b></td>
</tr>
<tr>
<td title='org.rahulshettyacademy.eCommerce_tc_2.ConfigureAppium()'><b>ConfigureAppium</b><br>Test class: org.rahulshettyacademy.eCommerce_tc_2</td>
<td><div><pre>io.appium.java_client.service.local.AppiumServerHasNotBeenStartedLocallyException: The local appium server has not been started. The given Node.js executable: C:\Program Files\nodejs\node.exe Arguments: [C:\Users\axelc\AppData\Roaming\npm\node_modules\appium\build\lib\main.js, --port, 4723, --address, 127.0.0.1] 
Process output: info Appium Upgraded extension manifest to schema v3
[35m[Appium][39m Welcome to Appium v2.0.0-beta.47
[35m[Appium][39m Non-default server args:
[35m[Appium][39m { address: [32m&apos;127.0.0.1&apos;[39m }
[35m[Appium][39m Attempting to load driver uiautomator2...
[debug] [35m[Appium][39m Requiring driver at C:\Users\axelc\.appium\node_modules\appium-uiautomator2-driver
[38;5;0m[HTTP][0m Could not start REST http interface listener. The requested port may already be in use. Please make sure there is no other[ insdtaneceb ouf gt]hi s s[er3ve5rm r[unAnipnpg ialuremad]y.
[
3[93m5m [AEprpirumo]r[:39 ml Ciousldt noet nc onEfAiDgDurReI NAUpSpEi:u ma ddrseesrvse r.a lItr&apos;se apodssyib lei nth aut sa ed ri1ve2r7 o.r0 p.lu0g.in1 t:r4ie7d 2t3o 
u
pdate[ tdhee bseurvger]  and [f3ai5lemd.[ AOrpigpiinaulm err]or:[ l3is9tmen  E AD D RI NUaStE S:e ravdedrr.essestu paLlirsetaednyH aindnl ues e [12a7s. 0_l.i0s.t1e:n427]2 3(
n
ode:net:1432:16)
[debug] [35m[Appium][39m     at listenInCluster (node:net:1480:12)
[debug] [35m[Appium][39m     at doListen (node:net:1629:7)
[debug] [35m[Appium][39m     at processTicksAndRejections (node:internal/process/task_queues:84:21)


	at io.appium.java_client.service.local.AppiumDriverLocalService.start(AppiumDriverLocalService.java:190)
	at org.rahulshettyacademy.utils.appiumUtils.startAppiumServer(appiumUtils.java:20)
	at org.rahulshettyacademy.TestUtils.BaseTest.ConfigureAppium(BaseTest.java:42)
Caused by: org.openqa.selenium.net.UrlChecker$TimeoutException: Timed out waiting for [http://127.0.0.1:4723/status] to be available after 20015 ms
	at org.openqa.selenium.net.UrlChecker.waitUntilAvailable(UrlChecker.java:89)
	at io.appium.java_client.service.local.AppiumDriverLocalService.ping(AppiumDriverLocalService.java:155)
	at io.appium.java_client.service.local.AppiumDriverLocalService.start(AppiumDriverLocalService.java:177)
	... 32 more
Caused by: java.util.concurrent.TimeoutException
	at java.base/java.util.concurrent.FutureTask.get(FutureTask.java:204)
	at org.openqa.selenium.net.UrlChecker.waitUntilAvailable(UrlChecker.java:87)
	... 34 more
... Removed 30 stack frames</pre></div><a href='#' onClick='toggleBox("stack-trace1337829755", this, "Click to show all stack frames", "Click to hide stack frames")'>Click to show all stack frames</a>
<div class='stack-trace' id='stack-trace1337829755'><pre>io.appium.java_client.service.local.AppiumServerHasNotBeenStartedLocallyException: The local appium server has not been started. The given Node.js executable: C:\Program Files\nodejs\node.exe Arguments: [C:\Users\axelc\AppData\Roaming\npm\node_modules\appium\build\lib\main.js, --port, 4723, --address, 127.0.0.1] 
Process output: info Appium Upgraded extension manifest to schema v3
[35m[Appium][39m Welcome to Appium v2.0.0-beta.47
[35m[Appium][39m Non-default server args:
[35m[Appium][39m { address: [32m&apos;127.0.0.1&apos;[39m }
[35m[Appium][39m Attempting to load driver uiautomator2...
[debug] [35m[Appium][39m Requiring driver at C:\Users\axelc\.appium\node_modules\appium-uiautomator2-driver
[38;5;0m[HTTP][0m Could not start REST http interface listener. The requested port may already be in use. Please make sure there is no other[ insdtaneceb ouf gt]hi s s[er3ve5rm r[unAnipnpg ialuremad]y.[
3[93m5m [AEprpirumo]r[:39 ml Ciousldt noet nc onEfAiDgDurReI NAUpSpEi:u ma ddrseesrvse r.a lItr&apos;se apodssyib lei nth aut sa ed ri1ve2r7 o.r0 p.lu0g.in1 t:r4ie7d 2t3o u
pdate[ tdhee bseurvger]  and [f3ai5lemd.[ AOrpigpiinaulm err]or:[ l3is9tmen  E AD D RI NUaStE S:e ravdedrr.essestu paLlirsetaednyH aindnl ues e [12a7s. 0_l.i0s.t1e:n427]2 3(n
ode:net:1432:16)
[debug] [35m[Appium][39m     at listenInCluster (node:net:1480:12)
[debug] [35m[Appium][39m     at doListen (node:net:1629:7)
[debug] [35m[Appium][39m     at processTicksAndRejections (node:internal/process/task_queues:84:21)


	at io.appium.java_client.service.local.AppiumDriverLocalService.start(AppiumDriverLocalService.java:190)
	at org.rahulshettyacademy.utils.appiumUtils.startAppiumServer(appiumUtils.java:20)
	at org.rahulshettyacademy.TestUtils.BaseTest.ConfigureAppium(BaseTest.java:42)
	at java.base/jdk.internal.reflect.NativeMethodAccessorImpl.invoke0(Native Method)
	at java.base/jdk.internal.reflect.NativeMethodAccessorImpl.invoke(NativeMethodAccessorImpl.java:62)
	at java.base/jdk.internal.reflect.DelegatingMethodAccessorImpl.invoke(DelegatingMethodAccessorImpl.java:43)
	at java.base/java.lang.reflect.Method.invoke(Method.java:566)
	at org.testng.internal.MethodInvocationHelper.invokeMethod(MethodInvocationHelper.java:124)
	at org.testng.internal.MethodInvocationHelper.invokeMethodConsideringTimeout(MethodInvocationHelper.java:59)
	at org.testng.internal.Invoker.invokeConfigurationMethod(Invoker.java:458)
	at org.testng.internal.Invoker.invokeConfigurations(Invoker.java:222)
	at org.testng.internal.Invoker.invokeConfigurations(Invoker.java:142)
	at org.testng.internal.TestMethodWorker.invokeBeforeClassMethods(TestMethodWorker.java:168)
	at org.testng.internal.TestMethodWorker.run(TestMethodWorker.java:105)
	at org.testng.TestRunner.privateRun(TestRunner.java:648)
	at org.testng.TestRunner.run(TestRunner.java:505)
	at org.testng.SuiteRunner.runTest(SuiteRunner.java:455)
	at org.testng.SuiteRunner.runSequentially(SuiteRunner.java:450)
	at org.testng.SuiteRunner.privateRun(SuiteRunner.java:415)
	at org.testng.SuiteRunner.run(SuiteRunner.java:364)
	at org.testng.SuiteRunnerWorker.runSuite(SuiteRunnerWorker.java:52)
	at org.testng.SuiteRunnerWorker.run(SuiteRunnerWorker.java:84)
	at org.testng.TestNG.runSuitesSequentially(TestNG.java:1208)
	at org.testng.TestNG.runSuitesLocally(TestNG.java:1137)
	at org.testng.TestNG.runSuites(TestNG.java:1049)
	at org.testng.TestNG.run(TestNG.java:1017)
	at org.apache.maven.surefire.testng.TestNGExecutor.run(TestNGExecutor.java:324)
	at org.apache.maven.surefire.testng.TestNGXmlTestSuite.execute(TestNGXmlTestSuite.java:74)
	at org.apache.maven.surefire.testng.TestNGProvider.invoke(TestNGProvider.java:123)
	at org.apache.maven.surefire.booter.ForkedBooter.runSuitesInProcess(ForkedBooter.java:456)
	at org.apache.maven.surefire.booter.ForkedBooter.execute(ForkedBooter.java:169)
	at org.apache.maven.surefire.booter.ForkedBooter.run(ForkedBooter.java:595)
	at org.apache.maven.surefire.booter.ForkedBooter.main(ForkedBooter.java:581)
Caused by: org.openqa.selenium.net.UrlChecker$TimeoutException: Timed out waiting for [http://127.0.0.1:4723/status] to be available after 20015 ms
	at org.openqa.selenium.net.UrlChecker.waitUntilAvailable(UrlChecker.java:89)
	at io.appium.java_client.service.local.AppiumDriverLocalService.ping(AppiumDriverLocalService.java:155)
	at io.appium.java_client.service.local.AppiumDriverLocalService.start(AppiumDriverLocalService.java:177)
	... 32 more
Caused by: java.util.concurrent.TimeoutException
	at java.base/java.util.concurrent.FutureTask.get(FutureTask.java:204)
	at org.openqa.selenium.net.UrlChecker.waitUntilAvailable(UrlChecker.java:87)
	... 34 more
</pre></div></td>
<td>20</td>
<td>org.rahulshettyacademy.eCommerce_tc_2@373ebf74</td></tr>
<tr>
<td title='org.rahulshettyacademy.eCommerce_tc_2.TearDown()'><b>TearDown</b><br>Test class: org.rahulshettyacademy.eCommerce_tc_2</td>
<td><div><pre>java.lang.NoClassDefFoundError: org/openqa/selenium/Rotatable
	at java.base/java.lang.ClassLoader.defineClass1(Native Method)
	at java.base/java.lang.ClassLoader.defineClass(ClassLoader.java:1016)
	at java.base/java.security.SecureClassLoader.defineClass(SecureClassLoader.java:174)
	at java.base/jdk.internal.loader.BuiltinClassLoader.defineClass(BuiltinClassLoader.java:800)
	at java.base/jdk.internal.loader.BuiltinClassLoader.findClassOnClassPathOrNull(BuiltinClassLoader.java:698)
	at java.base/jdk.internal.loader.BuiltinClassLoader.loadClassOrNull(BuiltinClassLoader.java:621)
	at java.base/jdk.internal.loader.BuiltinClassLoader.loadClass(BuiltinClassLoader.java:579)
	at java.base/jdk.internal.loader.ClassLoaders$AppClassLoader.loadClass(ClassLoaders.java:178)
	at java.base/java.lang.ClassLoader.loadClass(ClassLoader.java:521)
	at java.base/java.lang.ClassLoader.defineClass1(Native Method)
	at java.base/java.lang.ClassLoader.defineClass(ClassLoader.java:1016)
	at java.base/java.security.SecureClassLoader.defineClass(SecureClassLoader.java:174)
	at java.base/jdk.internal.loader.BuiltinClassLoader.defineClass(BuiltinClassLoader.java:800)
	at java.base/jdk.internal.loader.BuiltinClassLoader.findClassOnClassPathOrNull(BuiltinClassLoader.java:698)
	at java.base/jdk.internal.loader.BuiltinClassLoader.loadClassOrNull(BuiltinClassLoader.java:621)
	at java.base/jdk.internal.loader.BuiltinClassLoader.loadClass(BuiltinClassLoader.java:579)
	at java.base/jdk.internal.loader.ClassLoaders$AppClassLoader.loadClass(ClassLoaders.java:178)
	at java.base/java.lang.ClassLoader.loadClass(ClassLoader.java:521)
	at org.rahulshettyacademy.TestUtils.BaseTest.TearDown(BaseTest.java:115)
Caused by: java.lang.ClassNotFoundException: org.openqa.selenium.Rotatable
	at java.base/jdk.internal.loader.BuiltinClassLoader.loadClass(BuiltinClassLoader.java:581)
	at java.base/jdk.internal.loader.ClassLoaders$AppClassLoader.loadClass(ClassLoaders.java:178)
	at java.base/java.lang.ClassLoader.loadClass(ClassLoader.java:521)
	... 49 more
... Removed 30 stack frames</pre></div><a href='#' onClick='toggleBox("stack-trace597364637", this, "Click to show all stack frames", "Click to hide stack frames")'>Click to show all stack frames</a>
<div class='stack-trace' id='stack-trace597364637'><pre>java.lang.NoClassDefFoundError: org/openqa/selenium/Rotatable
	at java.base/java.lang.ClassLoader.defineClass1(Native Method)
	at java.base/java.lang.ClassLoader.defineClass(ClassLoader.java:1016)
	at java.base/java.security.SecureClassLoader.defineClass(SecureClassLoader.java:174)
	at java.base/jdk.internal.loader.BuiltinClassLoader.defineClass(BuiltinClassLoader.java:800)
	at java.base/jdk.internal.loader.BuiltinClassLoader.findClassOnClassPathOrNull(BuiltinClassLoader.java:698)
	at java.base/jdk.internal.loader.BuiltinClassLoader.loadClassOrNull(BuiltinClassLoader.java:621)
	at java.base/jdk.internal.loader.BuiltinClassLoader.loadClass(BuiltinClassLoader.java:579)
	at java.base/jdk.internal.loader.ClassLoaders$AppClassLoader.loadClass(ClassLoaders.java:178)
	at java.base/java.lang.ClassLoader.loadClass(ClassLoader.java:521)
	at java.base/java.lang.ClassLoader.defineClass1(Native Method)
	at java.base/java.lang.ClassLoader.defineClass(ClassLoader.java:1016)
	at java.base/java.security.SecureClassLoader.defineClass(SecureClassLoader.java:174)
	at java.base/jdk.internal.loader.BuiltinClassLoader.defineClass(BuiltinClassLoader.java:800)
	at java.base/jdk.internal.loader.BuiltinClassLoader.findClassOnClassPathOrNull(BuiltinClassLoader.java:698)
	at java.base/jdk.internal.loader.BuiltinClassLoader.loadClassOrNull(BuiltinClassLoader.java:621)
	at java.base/jdk.internal.loader.BuiltinClassLoader.loadClass(BuiltinClassLoader.java:579)
	at java.base/jdk.internal.loader.ClassLoaders$AppClassLoader.loadClass(ClassLoaders.java:178)
	at java.base/java.lang.ClassLoader.loadClass(ClassLoader.java:521)
	at org.rahulshettyacademy.TestUtils.BaseTest.TearDown(BaseTest.java:115)
	at java.base/jdk.internal.reflect.NativeMethodAccessorImpl.invoke0(Native Method)
	at java.base/jdk.internal.reflect.NativeMethodAccessorImpl.invoke(NativeMethodAccessorImpl.java:62)
	at java.base/jdk.internal.reflect.DelegatingMethodAccessorImpl.invoke(DelegatingMethodAccessorImpl.java:43)
	at java.base/java.lang.reflect.Method.invoke(Method.java:566)
	at org.testng.internal.MethodInvocationHelper.invokeMethod(MethodInvocationHelper.java:124)
	at org.testng.internal.MethodInvocationHelper.invokeMethodConsideringTimeout(MethodInvocationHelper.java:59)
	at org.testng.internal.Invoker.invokeConfigurationMethod(Invoker.java:458)
	at org.testng.internal.Invoker.invokeConfigurations(Invoker.java:222)
	at org.testng.internal.Invoker.invokeConfigurations(Invoker.java:142)
	at org.testng.internal.TestMethodWorker.invokeAfterClassMethods(TestMethodWorker.java:214)
	at org.testng.internal.TestMethodWorker.run(TestMethodWorker.java:111)
	at org.testng.TestRunner.privateRun(TestRunner.java:648)
	at org.testng.TestRunner.run(TestRunner.java:505)
	at org.testng.SuiteRunner.runTest(SuiteRunner.java:455)
	at org.testng.SuiteRunner.runSequentially(SuiteRunner.java:450)
	at org.testng.SuiteRunner.privateRun(SuiteRunner.java:415)
	at org.testng.SuiteRunner.run(SuiteRunner.java:364)
	at org.testng.SuiteRunnerWorker.runSuite(SuiteRunnerWorker.java:52)
	at org.testng.SuiteRunnerWorker.run(SuiteRunnerWorker.java:84)
	at org.testng.TestNG.runSuitesSequentially(TestNG.java:1208)
	at org.testng.TestNG.runSuitesLocally(TestNG.java:1137)
	at org.testng.TestNG.runSuites(TestNG.java:1049)
	at org.testng.TestNG.run(TestNG.java:1017)
	at org.apache.maven.surefire.testng.TestNGExecutor.run(TestNGExecutor.java:324)
	at org.apache.maven.surefire.testng.TestNGXmlTestSuite.execute(TestNGXmlTestSuite.java:74)
	at org.apache.maven.surefire.testng.TestNGProvider.invoke(TestNGProvider.java:123)
	at org.apache.maven.surefire.booter.ForkedBooter.runSuitesInProcess(ForkedBooter.java:456)
	at org.apache.maven.surefire.booter.ForkedBooter.execute(ForkedBooter.java:169)
	at org.apache.maven.surefire.booter.ForkedBooter.run(ForkedBooter.java:595)
	at org.apache.maven.surefire.booter.ForkedBooter.main(ForkedBooter.java:581)
Caused by: java.lang.ClassNotFoundException: org.openqa.selenium.Rotatable
	at java.base/jdk.internal.loader.BuiltinClassLoader.loadClass(BuiltinClassLoader.java:581)
	at java.base/jdk.internal.loader.ClassLoaders$AppClassLoader.loadClass(ClassLoaders.java:178)
	at java.base/java.lang.ClassLoader.loadClass(ClassLoader.java:521)
	... 49 more
</pre></div></td>
<td>0</td>
<td>org.rahulshettyacademy.eCommerce_tc_2@373ebf74</td></tr>
</table><p>
<table width='100%' border='1' class='invocation-skipped'>
<tr><td colspan='4' align='center'><b>SKIPPED TESTS</b></td></tr>
<tr><td><b>Test method</b></td>
<td width="30%"><b>Exception</b></td>
<td width="10%"><b>Time (seconds)</b></td>
<td><b>Instance</b></td>
</tr>
<tr>
<td title='org.rahulshettyacademy.eCommerce_tc_2.FillForm_ErrorTesting()'><b>FillForm_ErrorTesting</b><br>Test class: org.rahulshettyacademy.eCommerce_tc_2</td>
<td><div><pre>io.appium.java_client.service.local.AppiumServerHasNotBeenStartedLocallyException: The local appium server has not been started. The given Node.js executable: C:\Program Files\nodejs\node.exe Arguments: [C:\Users\axelc\AppData\Roaming\npm\node_modules\appium\build\lib\main.js, --port, 4723, --address, 127.0.0.1] 
Process output: info Appium Upgraded extension manifest to schema v3
[35m[Appium][39m Welcome to Appium v2.0.0-beta.47
[35m[Appium][39m Non-default server args:
[35m[Appium][39m { address: [32m&apos;127.0.0.1&apos;[39m }
[35m[Appium][39m Attempting to load driver uiautomator2...
[debug] [35m[Appium][39m Requiring driver at C:\Users\axelc\.appium\node_modules\appium-uiautomator2-driver
[38;5;0m[HTTP][0m Could not start REST http interface listener. The requested port may already be in use. Please make sure there is no other[ insdtaneceb ouf gt]hi s s[er3ve5rm r[unAnipnpg ialuremad]y.
[
3[93m5m [AEprpirumo]r[:39 ml Ciousldt noet nc onEfAiDgDurReI NAUpSpEi:u ma ddrseesrvse r.a lItr&apos;se apodssyib lei nth aut sa ed ri1ve2r7 o.r0 p.lu0g.in1 t:r4ie7d 2t3o 
u
pdate[ tdhee bseurvger]  and [f3ai5lemd.[ AOrpigpiinaulm err]or:[ l3is9tmen  E AD D RI NUaStE S:e ravdedrr.essestu paLlirsetaednyH aindnl ues e [12a7s. 0_l.i0s.t1e:n427]2 3(
n
ode:net:1432:16)
[debug] [35m[Appium][39m     at listenInCluster (node:net:1480:12)
[debug] [35m[Appium][39m     at doListen (node:net:1629:7)
[debug] [35m[Appium][39m     at processTicksAndRejections (node:internal/process/task_queues:84:21)


	at io.appium.java_client.service.local.AppiumDriverLocalService.start(AppiumDriverLocalService.java:190)
	at org.rahulshettyacademy.utils.appiumUtils.startAppiumServer(appiumUtils.java:20)
	at org.rahulshettyacademy.TestUtils.BaseTest.ConfigureAppium(BaseTest.java:42)
Caused by: org.openqa.selenium.net.UrlChecker$TimeoutException: Timed out waiting for [http://127.0.0.1:4723/status] to be available after 20015 ms
	at org.openqa.selenium.net.UrlChecker.waitUntilAvailable(UrlChecker.java:89)
	at io.appium.java_client.service.local.AppiumDriverLocalService.ping(AppiumDriverLocalService.java:155)
	at io.appium.java_client.service.local.AppiumDriverLocalService.start(AppiumDriverLocalService.java:177)
	... 32 more
Caused by: java.util.concurrent.TimeoutException
	at java.base/java.util.concurrent.FutureTask.get(FutureTask.java:204)
	at org.openqa.selenium.net.UrlChecker.waitUntilAvailable(UrlChecker.java:87)
	... 34 more
... Removed 30 stack frames</pre></div><a href='#' onClick='toggleBox("stack-trace1478995734", this, "Click to show all stack frames", "Click to hide stack frames")'>Click to show all stack frames</a>
<div class='stack-trace' id='stack-trace1478995734'><pre>io.appium.java_client.service.local.AppiumServerHasNotBeenStartedLocallyException: The local appium server has not been started. The given Node.js executable: C:\Program Files\nodejs\node.exe Arguments: [C:\Users\axelc\AppData\Roaming\npm\node_modules\appium\build\lib\main.js, --port, 4723, --address, 127.0.0.1] 
Process output: info Appium Upgraded extension manifest to schema v3
[35m[Appium][39m Welcome to Appium v2.0.0-beta.47
[35m[Appium][39m Non-default server args:
[35m[Appium][39m { address: [32m&apos;127.0.0.1&apos;[39m }
[35m[Appium][39m Attempting to load driver uiautomator2...
[debug] [35m[Appium][39m Requiring driver at C:\Users\axelc\.appium\node_modules\appium-uiautomator2-driver
[38;5;0m[HTTP][0m Could not start REST http interface listener. The requested port may already be in use. Please make sure there is no other[ insdtaneceb ouf gt]hi s s[er3ve5rm r[unAnipnpg ialuremad]y.[
3[93m5m [AEprpirumo]r[:39 ml Ciousldt noet nc onEfAiDgDurReI NAUpSpEi:u ma ddrseesrvse r.a lItr&apos;se apodssyib lei nth aut sa ed ri1ve2r7 o.r0 p.lu0g.in1 t:r4ie7d 2t3o u
pdate[ tdhee bseurvger]  and [f3ai5lemd.[ AOrpigpiinaulm err]or:[ l3is9tmen  E AD D RI NUaStE S:e ravdedrr.essestu paLlirsetaednyH aindnl ues e [12a7s. 0_l.i0s.t1e:n427]2 3(n
ode:net:1432:16)
[debug] [35m[Appium][39m     at listenInCluster (node:net:1480:12)
[debug] [35m[Appium][39m     at doListen (node:net:1629:7)
[debug] [35m[Appium][39m     at processTicksAndRejections (node:internal/process/task_queues:84:21)


	at io.appium.java_client.service.local.AppiumDriverLocalService.start(AppiumDriverLocalService.java:190)
	at org.rahulshettyacademy.utils.appiumUtils.startAppiumServer(appiumUtils.java:20)
	at org.rahulshettyacademy.TestUtils.BaseTest.ConfigureAppium(BaseTest.java:42)
	at java.base/jdk.internal.reflect.NativeMethodAccessorImpl.invoke0(Native Method)
	at java.base/jdk.internal.reflect.NativeMethodAccessorImpl.invoke(NativeMethodAccessorImpl.java:62)
	at java.base/jdk.internal.reflect.DelegatingMethodAccessorImpl.invoke(DelegatingMethodAccessorImpl.java:43)
	at java.base/java.lang.reflect.Method.invoke(Method.java:566)
	at org.testng.internal.MethodInvocationHelper.invokeMethod(MethodInvocationHelper.java:124)
	at org.testng.internal.MethodInvocationHelper.invokeMethodConsideringTimeout(MethodInvocationHelper.java:59)
	at org.testng.internal.Invoker.invokeConfigurationMethod(Invoker.java:458)
	at org.testng.internal.Invoker.invokeConfigurations(Invoker.java:222)
	at org.testng.internal.Invoker.invokeConfigurations(Invoker.java:142)
	at org.testng.internal.TestMethodWorker.invokeBeforeClassMethods(TestMethodWorker.java:168)
	at org.testng.internal.TestMethodWorker.run(TestMethodWorker.java:105)
	at org.testng.TestRunner.privateRun(TestRunner.java:648)
	at org.testng.TestRunner.run(TestRunner.java:505)
	at org.testng.SuiteRunner.runTest(SuiteRunner.java:455)
	at org.testng.SuiteRunner.runSequentially(SuiteRunner.java:450)
	at org.testng.SuiteRunner.privateRun(SuiteRunner.java:415)
	at org.testng.SuiteRunner.run(SuiteRunner.java:364)
	at org.testng.SuiteRunnerWorker.runSuite(SuiteRunnerWorker.java:52)
	at org.testng.SuiteRunnerWorker.run(SuiteRunnerWorker.java:84)
	at org.testng.TestNG.runSuitesSequentially(TestNG.java:1208)
	at org.testng.TestNG.runSuitesLocally(TestNG.java:1137)
	at org.testng.TestNG.runSuites(TestNG.java:1049)
	at org.testng.TestNG.run(TestNG.java:1017)
	at org.apache.maven.surefire.testng.TestNGExecutor.run(TestNGExecutor.java:324)
	at org.apache.maven.surefire.testng.TestNGXmlTestSuite.execute(TestNGXmlTestSuite.java:74)
	at org.apache.maven.surefire.testng.TestNGProvider.invoke(TestNGProvider.java:123)
	at org.apache.maven.surefire.booter.ForkedBooter.runSuitesInProcess(ForkedBooter.java:456)
	at org.apache.maven.surefire.booter.ForkedBooter.execute(ForkedBooter.java:169)
	at org.apache.maven.surefire.booter.ForkedBooter.run(ForkedBooter.java:595)
	at org.apache.maven.surefire.booter.ForkedBooter.main(ForkedBooter.java:581)
Caused by: org.openqa.selenium.net.UrlChecker$TimeoutException: Timed out waiting for [http://127.0.0.1:4723/status] to be available after 20015 ms
	at org.openqa.selenium.net.UrlChecker.waitUntilAvailable(UrlChecker.java:89)
	at io.appium.java_client.service.local.AppiumDriverLocalService.ping(AppiumDriverLocalService.java:155)
	at io.appium.java_client.service.local.AppiumDriverLocalService.start(AppiumDriverLocalService.java:177)
	... 32 more
Caused by: java.util.concurrent.TimeoutException
	at java.base/java.util.concurrent.FutureTask.get(FutureTask.java:204)
	at org.openqa.selenium.net.UrlChecker.waitUntilAvailable(UrlChecker.java:87)
	... 34 more
</pre></div></td>
<td>0</td>
<td>org.rahulshettyacademy.eCommerce_tc_2@373ebf74</td></tr>
<tr>
<td title='org.rahulshettyacademy.eCommerce_tc_2.FillForm_WorkingCorrectly()'><b>FillForm_WorkingCorrectly</b><br>Test class: org.rahulshettyacademy.eCommerce_tc_2</td>
<td><div><pre>io.appium.java_client.service.local.AppiumServerHasNotBeenStartedLocallyException: The local appium server has not been started. The given Node.js executable: C:\Program Files\nodejs\node.exe Arguments: [C:\Users\axelc\AppData\Roaming\npm\node_modules\appium\build\lib\main.js, --port, 4723, --address, 127.0.0.1] 
Process output: info Appium Upgraded extension manifest to schema v3
[35m[Appium][39m Welcome to Appium v2.0.0-beta.47
[35m[Appium][39m Non-default server args:
[35m[Appium][39m { address: [32m&apos;127.0.0.1&apos;[39m }
[35m[Appium][39m Attempting to load driver uiautomator2...
[debug] [35m[Appium][39m Requiring driver at C:\Users\axelc\.appium\node_modules\appium-uiautomator2-driver
[38;5;0m[HTTP][0m Could not start REST http interface listener. The requested port may already be in use. Please make sure there is no other[ insdtaneceb ouf gt]hi s s[er3ve5rm r[unAnipnpg ialuremad]y.
[
3[93m5m [AEprpirumo]r[:39 ml Ciousldt noet nc onEfAiDgDurReI NAUpSpEi:u ma ddrseesrvse r.a lItr&apos;se apodssyib lei nth aut sa ed ri1ve2r7 o.r0 p.lu0g.in1 t:r4ie7d 2t3o 
u
pdate[ tdhee bseurvger]  and [f3ai5lemd.[ AOrpigpiinaulm err]or:[ l3is9tmen  E AD D RI NUaStE S:e ravdedrr.essestu paLlirsetaednyH aindnl ues e [12a7s. 0_l.i0s.t1e:n427]2 3(
n
ode:net:1432:16)
[debug] [35m[Appium][39m     at listenInCluster (node:net:1480:12)
[debug] [35m[Appium][39m     at doListen (node:net:1629:7)
[debug] [35m[Appium][39m     at processTicksAndRejections (node:internal/process/task_queues:84:21)


	at io.appium.java_client.service.local.AppiumDriverLocalService.start(AppiumDriverLocalService.java:190)
	at org.rahulshettyacademy.utils.appiumUtils.startAppiumServer(appiumUtils.java:20)
	at org.rahulshettyacademy.TestUtils.BaseTest.ConfigureAppium(BaseTest.java:42)
Caused by: org.openqa.selenium.net.UrlChecker$TimeoutException: Timed out waiting for [http://127.0.0.1:4723/status] to be available after 20015 ms
	at org.openqa.selenium.net.UrlChecker.waitUntilAvailable(UrlChecker.java:89)
	at io.appium.java_client.service.local.AppiumDriverLocalService.ping(AppiumDriverLocalService.java:155)
	at io.appium.java_client.service.local.AppiumDriverLocalService.start(AppiumDriverLocalService.java:177)
	... 32 more
Caused by: java.util.concurrent.TimeoutException
	at java.base/java.util.concurrent.FutureTask.get(FutureTask.java:204)
	at org.openqa.selenium.net.UrlChecker.waitUntilAvailable(UrlChecker.java:87)
	... 34 more
... Removed 30 stack frames</pre></div><a href='#' onClick='toggleBox("stack-trace1699578227", this, "Click to show all stack frames", "Click to hide stack frames")'>Click to show all stack frames</a>
<div class='stack-trace' id='stack-trace1699578227'><pre>io.appium.java_client.service.local.AppiumServerHasNotBeenStartedLocallyException: The local appium server has not been started. The given Node.js executable: C:\Program Files\nodejs\node.exe Arguments: [C:\Users\axelc\AppData\Roaming\npm\node_modules\appium\build\lib\main.js, --port, 4723, --address, 127.0.0.1] 
Process output: info Appium Upgraded extension manifest to schema v3
[35m[Appium][39m Welcome to Appium v2.0.0-beta.47
[35m[Appium][39m Non-default server args:
[35m[Appium][39m { address: [32m&apos;127.0.0.1&apos;[39m }
[35m[Appium][39m Attempting to load driver uiautomator2...
[debug] [35m[Appium][39m Requiring driver at C:\Users\axelc\.appium\node_modules\appium-uiautomator2-driver
[38;5;0m[HTTP][0m Could not start REST http interface listener. The requested port may already be in use. Please make sure there is no other[ insdtaneceb ouf gt]hi s s[er3ve5rm r[unAnipnpg ialuremad]y.[
3[93m5m [AEprpirumo]r[:39 ml Ciousldt noet nc onEfAiDgDurReI NAUpSpEi:u ma ddrseesrvse r.a lItr&apos;se apodssyib lei nth aut sa ed ri1ve2r7 o.r0 p.lu0g.in1 t:r4ie7d 2t3o u
pdate[ tdhee bseurvger]  and [f3ai5lemd.[ AOrpigpiinaulm err]or:[ l3is9tmen  E AD D RI NUaStE S:e ravdedrr.essestu paLlirsetaednyH aindnl ues e [12a7s. 0_l.i0s.t1e:n427]2 3(n
ode:net:1432:16)
[debug] [35m[Appium][39m     at listenInCluster (node:net:1480:12)
[debug] [35m[Appium][39m     at doListen (node:net:1629:7)
[debug] [35m[Appium][39m     at processTicksAndRejections (node:internal/process/task_queues:84:21)


	at io.appium.java_client.service.local.AppiumDriverLocalService.start(AppiumDriverLocalService.java:190)
	at org.rahulshettyacademy.utils.appiumUtils.startAppiumServer(appiumUtils.java:20)
	at org.rahulshettyacademy.TestUtils.BaseTest.ConfigureAppium(BaseTest.java:42)
	at java.base/jdk.internal.reflect.NativeMethodAccessorImpl.invoke0(Native Method)
	at java.base/jdk.internal.reflect.NativeMethodAccessorImpl.invoke(NativeMethodAccessorImpl.java:62)
	at java.base/jdk.internal.reflect.DelegatingMethodAccessorImpl.invoke(DelegatingMethodAccessorImpl.java:43)
	at java.base/java.lang.reflect.Method.invoke(Method.java:566)
	at org.testng.internal.MethodInvocationHelper.invokeMethod(MethodInvocationHelper.java:124)
	at org.testng.internal.MethodInvocationHelper.invokeMethodConsideringTimeout(MethodInvocationHelper.java:59)
	at org.testng.internal.Invoker.invokeConfigurationMethod(Invoker.java:458)
	at org.testng.internal.Invoker.invokeConfigurations(Invoker.java:222)
	at org.testng.internal.Invoker.invokeConfigurations(Invoker.java:142)
	at org.testng.internal.TestMethodWorker.invokeBeforeClassMethods(TestMethodWorker.java:168)
	at org.testng.internal.TestMethodWorker.run(TestMethodWorker.java:105)
	at org.testng.TestRunner.privateRun(TestRunner.java:648)
	at org.testng.TestRunner.run(TestRunner.java:505)
	at org.testng.SuiteRunner.runTest(SuiteRunner.java:455)
	at org.testng.SuiteRunner.runSequentially(SuiteRunner.java:450)
	at org.testng.SuiteRunner.privateRun(SuiteRunner.java:415)
	at org.testng.SuiteRunner.run(SuiteRunner.java:364)
	at org.testng.SuiteRunnerWorker.runSuite(SuiteRunnerWorker.java:52)
	at org.testng.SuiteRunnerWorker.run(SuiteRunnerWorker.java:84)
	at org.testng.TestNG.runSuitesSequentially(TestNG.java:1208)
	at org.testng.TestNG.runSuitesLocally(TestNG.java:1137)
	at org.testng.TestNG.runSuites(TestNG.java:1049)
	at org.testng.TestNG.run(TestNG.java:1017)
	at org.apache.maven.surefire.testng.TestNGExecutor.run(TestNGExecutor.java:324)
	at org.apache.maven.surefire.testng.TestNGXmlTestSuite.execute(TestNGXmlTestSuite.java:74)
	at org.apache.maven.surefire.testng.TestNGProvider.invoke(TestNGProvider.java:123)
	at org.apache.maven.surefire.booter.ForkedBooter.runSuitesInProcess(ForkedBooter.java:456)
	at org.apache.maven.surefire.booter.ForkedBooter.execute(ForkedBooter.java:169)
	at org.apache.maven.surefire.booter.ForkedBooter.run(ForkedBooter.java:595)
	at org.apache.maven.surefire.booter.ForkedBooter.main(ForkedBooter.java:581)
Caused by: org.openqa.selenium.net.UrlChecker$TimeoutException: Timed out waiting for [http://127.0.0.1:4723/status] to be available after 20015 ms
	at org.openqa.selenium.net.UrlChecker.waitUntilAvailable(UrlChecker.java:89)
	at io.appium.java_client.service.local.AppiumDriverLocalService.ping(AppiumDriverLocalService.java:155)
	at io.appium.java_client.service.local.AppiumDriverLocalService.start(AppiumDriverLocalService.java:177)
	... 32 more
Caused by: java.util.concurrent.TimeoutException
	at java.base/java.util.concurrent.FutureTask.get(FutureTask.java:204)
	at org.openqa.selenium.net.UrlChecker.waitUntilAvailable(UrlChecker.java:87)
	... 34 more
</pre></div></td>
<td>0</td>
<td>org.rahulshettyacademy.eCommerce_tc_2@373ebf74</td></tr>
</table><p>
</body>
</html>