<?xml version="1.0" encoding="UTF-8"?>
<!-- Generated by org.testng.reporters.JUnitXMLReporter -->
<testsuite ignored="0" hostname="PRFT-MX-0198" failures="0" tests="2" name="LoginPage Testing" time="20.088" errors="0" timestamp="21 Jan 2023 01:59:37 GMT">
  <testcase classname="org.rahulshettyacademy.TestUtils.BaseTest" name="@BeforeClass ConfigureAppium" time="20.068">
    <failure type="io.appium.java_client.service.local.AppiumServerHasNotBeenStartedLocallyException" message="The local appium server has not been started. The given Node.js executable: C:\Program Files\nodejs\node.exe Arguments: [C:\Users\axelc\AppData\Roaming\npm\node_modules\appium\build\lib\main.js, --port, 4723, --address, 127.0.0.1] 
Process output: info Appium Upgraded extension manifest to schema v3
[35m[Appium][39m Welcome to Appium v2.0.0-beta.47
[35m[Appium][39m Non-default server args:
[35m[Appium][39m { address: [32m&amp;apos;127.0.0.1&amp;apos;[39m }
[35m[Appium][39m Attempting to load driver uiautomator2...
[debug] [35m[Appium][39m Requiring driver at C:\Users\axelc\.appium\node_modules\appium-uiautomator2-driver
[38;5;0m[HTTP][0m Could not start REST http interface listener. The requested port may already be in use. Please make sure there is no other[ insdtaneceb ouf gt]hi s s[er3ve5rm r[unAnipnpg ialuremad]y.[
3[93m5m [AEprpirumo]r[:39 ml Ciousldt noet nc onEfAiDgDurReI NAUpSpEi:u ma ddrseesrvse r.a lItr&amp;apos;se apodssyib lei nth aut sa ed ri1ve2r7 o.r0 p.lu0g.in1 t:r4ie7d 2t3o u
pdate[ tdhee bseurvger]  and [f3ai5lemd.[ AOrpigpiinaulm err]or:[ l3is9tmen  E AD D RI NUaStE S:e ravdedrr.essestu paLlirsetaednyH aindnl ues e [12a7s. 0_l.i0s.t1e:n427]2 3(n
ode:net:1432:16)
[debug] [35m[Appium][39m     at listenInCluster (node:net:1480:12)
[debug] [35m[Appium][39m     at doListen (node:net:1629:7)
[debug] [35m[Appium][39m     at processTicksAndRejections (node:internal/process/task_queues:84:21)

">
      <![CDATA[io.appium.java_client.service.local.AppiumServerHasNotBeenStartedLocallyException: The local appium server has not been started. The given Node.js executable: C:\Program Files\nodejs\node.exe Arguments: [C:\Users\axelc\AppData\Roaming\npm\node_modules\appium\build\lib\main.js, --port, 4723, --address, 127.0.0.1] 
Process output: info Appium Upgraded extension manifest to schema v3
[35m[Appium][39m Welcome to Appium v2.0.0-beta.47
[35m[Appium][39m Non-default server args:
[35m[Appium][39m { address: [32m'127.0.0.1'[39m }
[35m[Appium][39m Attempting to load driver uiautomator2...
[debug] [35m[Appium][39m Requiring driver at C:\Users\axelc\.appium\node_modules\appium-uiautomator2-driver
[38;5;0m[HTTP][0m Could not start REST http interface listener. The requested port may already be in use. Please make sure there is no other[ insdtaneceb ouf gt]hi s s[er3ve5rm r[unAnipnpg ialuremad]y.
[
3[93m5m [AEprpirumo]r[:39 ml Ciousldt noet nc onEfAiDgDurReI NAUpSpEi:u ma ddrseesrvse r.a lItr'se apodssyib lei nth aut sa ed ri1ve2r7 o.r0 p.lu0g.in1 t:r4ie7d 2t3o 
u
pdate[ tdhee bseurvger]  and [f3ai5lemd.[ AOrpigpiinaulm err]or:[ l3is9tmen  E AD D RI NUaStE S:e ravdedrr.essestu paLlirsetaednyH aindnl ues e [12a7s. 0_l.i0s.t1e:n427]2 3(
n
ode:net:1432:16)
[debug] [35m[Appium][39m     at listenInCluster (node:net:1480:12)
[debug] [35m[Appium][39m     at doListen (node:net:1629:7)
[debug] [35m[Appium][39m     at processTicksAndRejections (node:internal/process/task_queues:84:21)


at io.appium.java_client.service.local.AppiumDriverLocalService.start(AppiumDriverLocalService.java:190)
at org.rahulshettyacademy.utils.appiumUtils.startAppiumServer(appiumUtils.java:20)
at org.rahulshettyacademy.TestUtils.BaseTest.ConfigureAppium(BaseTest.java:42)
Caused by: org.openqa.selenium.net.UrlChecker$TimeoutException: Timed out waiting for [http://127.0.0.1:4723/status] to be available after 20015 ms
at org.openqa.selenium.net.UrlChecker.waitUntilAvailable(UrlChecker.java:89)
at io.appium.java_client.service.local.AppiumDriverLocalService.ping(AppiumDriverLocalService.java:155)
at io.appium.java_client.service.local.AppiumDriverLocalService.start(AppiumDriverLocalService.java:177)
... 32 more
Caused by: java.util.concurrent.TimeoutException
at java.base/java.util.concurrent.FutureTask.get(FutureTask.java:204)
at org.openqa.selenium.net.UrlChecker.waitUntilAvailable(UrlChecker.java:87)
... 34 more
... Removed 30 stack frames]]>
    </failure>
  </testcase> <!-- @BeforeClass ConfigureAppium -->
  <testcase classname="org.rahulshettyacademy.TestUtils.BaseTest" name="@AfterClass TearDown" time="0.001">
    <failure type="java.lang.NoClassDefFoundError" message="org/openqa/selenium/Rotatable">
      <![CDATA[java.lang.NoClassDefFoundError: org/openqa/selenium/Rotatable
at java.base/java.lang.ClassLoader.defineClass1(Native Method)
at java.base/java.lang.ClassLoader.defineClass(ClassLoader.java:1016)
at java.base/java.security.SecureClassLoader.defineClass(SecureClassLoader.java:174)
at java.base/jdk.internal.loader.BuiltinClassLoader.defineClass(BuiltinClassLoader.java:800)
at java.base/jdk.internal.loader.BuiltinClassLoader.findClassOnClassPathOrNull(BuiltinClassLoader.java:698)
at java.base/jdk.internal.loader.BuiltinClassLoader.loadClassOrNull(BuiltinClassLoader.java:621)
at java.base/jdk.internal.loader.BuiltinClassLoader.loadClass(BuiltinClassLoader.java:579)
at java.base/jdk.internal.loader.ClassLoaders$AppClassLoader.loadClass(ClassLoaders.java:178)
at java.base/java.lang.ClassLoader.loadClass(ClassLoader.java:521)
at java.base/java.lang.ClassLoader.defineClass1(Native Method)
at java.base/java.lang.ClassLoader.defineClass(ClassLoader.java:1016)
at java.base/java.security.SecureClassLoader.defineClass(SecureClassLoader.java:174)
at java.base/jdk.internal.loader.BuiltinClassLoader.defineClass(BuiltinClassLoader.java:800)
at java.base/jdk.internal.loader.BuiltinClassLoader.findClassOnClassPathOrNull(BuiltinClassLoader.java:698)
at java.base/jdk.internal.loader.BuiltinClassLoader.loadClassOrNull(BuiltinClassLoader.java:621)
at java.base/jdk.internal.loader.BuiltinClassLoader.loadClass(BuiltinClassLoader.java:579)
at java.base/jdk.internal.loader.ClassLoaders$AppClassLoader.loadClass(ClassLoaders.java:178)
at java.base/java.lang.ClassLoader.loadClass(ClassLoader.java:521)
at org.rahulshettyacademy.TestUtils.BaseTest.TearDown(BaseTest.java:115)
Caused by: java.lang.ClassNotFoundException: org.openqa.selenium.Rotatable
at java.base/jdk.internal.loader.BuiltinClassLoader.loadClass(BuiltinClassLoader.java:581)
at java.base/jdk.internal.loader.ClassLoaders$AppClassLoader.loadClass(ClassLoaders.java:178)
at java.base/java.lang.ClassLoader.loadClass(ClassLoader.java:521)
... 49 more
... Removed 30 stack frames]]>
    </failure>
  </testcase> <!-- @AfterClass TearDown -->
  <testcase classname="org.rahulshettyacademy.eCommerce_tc_2" name="FillForm_ErrorTesting" time="0.0">
    <skipped/>
  </testcase> <!-- FillForm_ErrorTesting -->
  <testcase classname="org.rahulshettyacademy.eCommerce_tc_2" name="FillForm_WorkingCorrectly" time="0.0">
    <skipped/>
  </testcase> <!-- FillForm_WorkingCorrectly -->
</testsuite> <!-- LoginPage Testing -->
